0 info it worked if it ends with ok
1 verbose cli [ 'D:\\NODE\\node.exe',
1 verbose cli   'D:\\NODE\\node_modules\\npm\\bin\\npm-cli.js',
1 verbose cli   'run',
1 verbose cli   'build_prod_aot' ]
2 info using npm@3.10.10
3 info using node@v6.9.5
4 verbose run-script [ 'prebuild_prod_aot', 'build_prod_aot', 'postbuild_prod_aot' ]
5 info lifecycle tutu@0.0.0~prebuild_prod_aot: tutu@0.0.0
6 silly lifecycle tutu@0.0.0~prebuild_prod_aot: no script for prebuild_prod_aot, continuing
7 info lifecycle tutu@0.0.0~build_prod_aot: tutu@0.0.0
8 verbose lifecycle tutu@0.0.0~build_prod_aot: unsafe-perm in lifecycle true
9 verbose lifecycle tutu@0.0.0~build_prod_aot: PATH: D:\NODE\node_modules\npm\bin\node-gyp-bin;E:\项目\个人项目\途徒总工程\tutu-web-front\web_front\web_front\web_front\node_modules\.bin;C:\Program Files\NVIDIA GPU Computing Toolkit\CUDA\v8.0\bin;C:\Program Files\NVIDIA GPU Computing Toolkit\CUDA\v8.0\libnvvp;C:\ProgramData\Oracle\Java\javapath;C:\Windows\system32;C:\Windows;C:\Windows\System32\Wbem;C:\Windows\System32\WindowsPowerShell\v1.0\;D:\NODE\;C:\Program Files\Java\jdk1.8.0_121\bin;C:\Program Files\Java\jdk1.8.0_121\jre\bin;D:\openCV3.0\opencv\build\x86\vc12\bin;D:\MATLAB\R2012a\runtime\win64;D:\MATLAB\R2012a\bin;C:\WINDOWS\system32;C:\WINDOWS;C:\WINDOWS\System32\Wbem;C:\WINDOWS\System32\WindowsPowerShell\v1.0\;C:\Users\Gump\.dnx\bin;C:\Program Files\Microsoft DNX\Dnvm\;C:\Program Files\Microsoft SQL Server\130\Tools\Binn\;C:\Program Files (x86)\Windows Kits\8.1\Windows Performance Toolkit\;D:\Anaconda3;D:\Anaconda3\Scripts;D:\Anaconda3\Library\bin;D:\Git\cmd;D:\Ruby23-x64\rubygem\rubygems\bin;C:\WINDOWS\system32;C:\WINDOWS;C:\WINDOWS\System32\Wbem;C:\WINDOWS\System32\WindowsPowerShell\v1.0\;C:\Program Files\MongoDB\Server\3.4\bin;;C:\Program Files (x86)\NVIDIA Corporation\PhysX\Common;D:\Ruby23-x64\bin;C:\Users\Gump\AppData\Local\Programs\Python\Python35\Scripts\;C:\Users\Gump\AppData\Local\Programs\Python\Python35\;C:\Users\Gump\AppData\Local\Microsoft\WindowsApps;C:\Users\Gump\AppData\Roaming\npm;d:\VS Code\bin;
10 verbose lifecycle tutu@0.0.0~build_prod_aot: CWD: E:\项目\个人项目\途徒总工程\tutu-web-front\web_front\web_front\web_front
11 silly lifecycle tutu@0.0.0~build_prod_aot: Args: [ '/d /s /c', 'ng build --prod --aot' ]
12 silly lifecycle tutu@0.0.0~build_prod_aot: Returned: code: 1  signal: null
13 info lifecycle tutu@0.0.0~build_prod_aot: Failed to exec build_prod_aot script
14 verbose stack Error: tutu@0.0.0 build_prod_aot: `ng build --prod --aot`
14 verbose stack Exit status 1
14 verbose stack     at EventEmitter.<anonymous> (D:\NODE\node_modules\npm\lib\utils\lifecycle.js:255:16)
14 verbose stack     at emitTwo (events.js:106:13)
14 verbose stack     at EventEmitter.emit (events.js:191:7)
14 verbose stack     at ChildProcess.<anonymous> (D:\NODE\node_modules\npm\lib\utils\spawn.js:40:14)
14 verbose stack     at emitTwo (events.js:106:13)
14 verbose stack     at ChildProcess.emit (events.js:191:7)
14 verbose stack     at maybeClose (internal/child_process.js:877:16)
14 verbose stack     at Process.ChildProcess._handle.onexit (internal/child_process.js:226:5)
15 verbose pkgid tutu@0.0.0
16 verbose cwd E:\项目\个人项目\途徒总工程\tutu-web-front\web_front\web_front\web_front
17 error Windows_NT 10.0.16299
18 error argv "D:\\NODE\\node.exe" "D:\\NODE\\node_modules\\npm\\bin\\npm-cli.js" "run" "build_prod_aot"
19 error node v6.9.5
20 error npm  v3.10.10
21 error code ELIFECYCLE
22 error tutu@0.0.0 build_prod_aot: `ng build --prod --aot`
22 error Exit status 1
23 error Failed at the tutu@0.0.0 build_prod_aot script 'ng build --prod --aot'.
23 error Make sure you have the latest version of node.js and npm installed.
23 error If you do, this is most likely a problem with the tutu package,
23 error not with npm itself.
23 error Tell the author that this fails on your system:
23 error     ng build --prod --aot
23 error You can get information on how to open an issue for this project with:
23 error     npm bugs tutu
23 error Or if that isn't available, you can get their info via:
23 error     npm owner ls tutu
23 error There is likely additional logging output above.
24 verbose exit [ 1, true ]
